C:\TEMP\CSE532SLAB1\LAB1\LAB1\DEBUG\MAIN.OBJ
C:\TEMP\CSE532SLAB1\LAB1\LAB1\DEBUG\PLAY.OBJ
C:\TEMP\CSE532SLAB1\LAB1\LAB1\DEBUG\PLAYER.OBJ
C:\TEMP\CSE532SLAB1\LAB1\LAB1\DEBUG\STR_OP.OBJ
C:\TEMP\CSE532SLAB1\LAB1\LAB1\DEBUG\VC110.PDB
\\WAREHOUSE2.SEASAD.WUSTL.EDU\HOME\AMITNJHA\WINPROFILE\DESKTOP\CSE532SLAB1\LAB1\LAB1\DEBUG\MAIN.OBJ
\\WAREHOUSE2.SEASAD.WUSTL.EDU\HOME\AMITNJHA\WINPROFILE\DESKTOP\CSE532SLAB1\LAB1\LAB1\DEBUG\PLAY.OBJ
\\WAREHOUSE2.SEASAD.WUSTL.EDU\HOME\AMITNJHA\WINPROFILE\DESKTOP\CSE532SLAB1\LAB1\LAB1\DEBUG\PLAYER.OBJ
\\WAREHOUSE2.SEASAD.WUSTL.EDU\HOME\AMITNJHA\WINPROFILE\DESKTOP\CSE532SLAB1\LAB1\LAB1\DEBUG\STR_OP.OBJ
\\WAREHOUSE2.SEASAD.WUSTL.EDU\HOME\AMITNJHA\WINPROFILE\DESKTOP\CSE532SLAB1\LAB1\LAB1\DEBUG\VC110.PDB
C:\TEMP\CSE532SLAB1\LAB1\DEBUG\LAB1.ILK
C:\TEMP\CSE532SLAB1\LAB1\DEBUG\LAB1.EXE
C:\TEMP\CSE532SLAB1\LAB1\DEBUG\LAB1.PDB
\\WAREHOUSE2.SEASAD.WUSTL.EDU\HOME\AMITNJHA\WINPROFILE\DESKTOP\CSE532SLAB1\LAB1\DEBUG\LAB1.ILK
\\WAREHOUSE2.SEASAD.WUSTL.EDU\HOME\AMITNJHA\WINPROFILE\DESKTOP\CSE532SLAB1\LAB1\DEBUG\LAB1.EXE
\\WAREHOUSE2.SEASAD.WUSTL.EDU\HOME\AMITNJHA\WINPROFILE\DESKTOP\CSE532SLAB1\LAB1\DEBUG\LAB1.PDB
\\warehouse2.seasad.wustl.edu\home\amitnjha\winprofile\desktop\CSE532SLab1\Lab1\Lab1\Debug\Main.obj
\\warehouse2.seasad.wustl.edu\home\amitnjha\winprofile\desktop\CSE532SLab1\Lab1\Lab1\Debug\Play.obj
\\warehouse2.seasad.wustl.edu\home\amitnjha\winprofile\desktop\CSE532SLab1\Lab1\Lab1\Debug\Player.obj
\\warehouse2.seasad.wustl.edu\home\amitnjha\winprofile\desktop\CSE532SLab1\Lab1\Lab1\Debug\str_op.obj
\\warehouse2.seasad.wustl.edu\home\amitnjha\winprofile\desktop\CSE532SLab1\Lab1\Lab1\Debug\cl.command.1.tlog
\\warehouse2.seasad.wustl.edu\home\amitnjha\winprofile\desktop\CSE532SLab1\Lab1\Lab1\Debug\CL.read.1.tlog
\\warehouse2.seasad.wustl.edu\home\amitnjha\winprofile\desktop\CSE532SLab1\Lab1\Lab1\Debug\CL.write.1.tlog
\\warehouse2.seasad.wustl.edu\home\amitnjha\winprofile\desktop\CSE532SLab1\Lab1\Lab1\Debug\link-cvtres.read.1.tlog
\\warehouse2.seasad.wustl.edu\home\amitnjha\winprofile\desktop\CSE532SLab1\Lab1\Lab1\Debug\link-cvtres.write.1.tlog
\\warehouse2.seasad.wustl.edu\home\amitnjha\winprofile\desktop\CSE532SLab1\Lab1\Lab1\Debug\link-rc.read.1.tlog
\\warehouse2.seasad.wustl.edu\home\amitnjha\winprofile\desktop\CSE532SLab1\Lab1\Lab1\Debug\link-rc.write.1.tlog
\\warehouse2.seasad.wustl.edu\home\amitnjha\winprofile\desktop\CSE532SLab1\Lab1\Lab1\Debug\link.command.1.tlog
\\warehouse2.seasad.wustl.edu\home\amitnjha\winprofile\desktop\CSE532SLab1\Lab1\Lab1\Debug\link.read.1.tlog
\\warehouse2.seasad.wustl.edu\home\amitnjha\winprofile\desktop\CSE532SLab1\Lab1\Lab1\Debug\link.write.1.tlog
\\warehouse2.seasad.wustl.edu\home\amitnjha\winprofile\desktop\CSE532SLab1\Lab1\Lab1\Debug\vc110.idb
\\warehouse2.seasad.wustl.edu\home\amitnjha\winprofile\desktop\CSE532SLab1\Lab1\Lab1\Debug\vc110.pdb
\\warehouse2.seasad.wustl.edu\home\amitnjha\winprofile\desktop\CSE532SLab1\Lab1\Debug\Lab1.pdb
\\warehouse2.seasad.wustl.edu\home\amitnjha\winprofile\desktop\CSE532SLab1\Lab1\Debug\Lab1.exe
\\warehouse2.seasad.wustl.edu\home\amitnjha\winprofile\desktop\CSE532SLab1\Lab1\Debug\Lab1.ilk
